2019-08-24 09:30:13 | [INFO]    | Discordia 2.7.0
2019-08-24 09:30:13 | [INFO]    | Connecting to Discord...
2019-08-24 09:30:13 | [INFO]    | Authenticated as TestowyBOT#9186
2019-08-24 09:30:14 | [INFO]    | Launching shard 0 (1 out of 1)...
2019-08-24 09:30:14 | [INFO]    | Shard 0 : Connected to wss://gateway.discord.gg
2019-08-24 09:30:14 | [INFO]    | Shard 0 : Received HELLO
2019-08-24 09:30:15 | [INFO]    | Shard 0 : Received READY
2019-08-24 09:32:46 | [INFO]    | Discordia 2.7.0
2019-08-24 09:32:46 | [INFO]    | Connecting to Discord...
2019-08-24 09:32:47 | [INFO]    | Authenticated as TestowyBOT#9186
2019-08-24 09:32:47 | [INFO]    | Launching shard 0 (1 out of 1)...
2019-08-24 09:32:47 | [INFO]    | Shard 0 : Connected to wss://gateway.discord.gg
2019-08-24 09:32:47 | [INFO]    | Shard 0 : Received HELLO
2019-08-24 09:32:47 | [INFO]    | Shard 0 : Received READY
2022-01-03 10:13:07 | [INFO]    | Discordia 2.7.0
2022-01-03 10:13:07 | [INFO]    | Connecting to Discord...
2022-01-03 10:13:08 | [INFO]    | Authenticated as My Support Bot#5486
2022-01-03 10:13:08 | [INFO]    | Launching shard 0 (1 out of 1)...
2022-01-03 10:13:08 | [INFO]    | Shard 0 : Connected to wss://gateway.discord.gg
2022-01-03 10:13:08 | [INFO]    | Shard 0 : Received HELLO
2022-01-03 10:13:09 | [INFO]    | Shard 0 : Received READY
2022-01-03 10:13:21 | [INFO]    | Discordia 2.7.0
2022-01-03 10:13:21 | [INFO]    | Connecting to Discord...
2022-01-03 10:13:21 | [INFO]    | Authenticated as My Support Bot#5486
2022-01-03 10:13:21 | [INFO]    | Launching shard 0 (1 out of 1)...
2022-01-03 10:13:21 | [INFO]    | Shard 0 : Connected to wss://gateway.discord.gg
2022-01-03 10:13:21 | [INFO]    | Shard 0 : Received HELLO
2022-01-03 10:13:21 | [INFO]    | Shard 0 : Received READY
2022-01-03 10:14:36 | [INFO]    | Discordia 2.7.0
2022-01-03 10:14:36 | [INFO]    | Connecting to Discord...
2022-01-03 10:14:36 | [INFO]    | Authenticated as My Support Bot#5486
2022-01-03 10:14:36 | [INFO]    | Launching shard 0 (1 out of 1)...
2022-01-03 10:14:36 | [INFO]    | Shard 0 : Connected to wss://gateway.discord.gg
2022-01-03 10:14:36 | [INFO]    | Shard 0 : Received HELLO
2022-01-03 10:14:37 | [INFO]    | Shard 0 : Received READY
